[2022-12-31 17:05:00] merlin-logger.DEBUG: The welcome step has been displayed [] []
[2022-12-31 17:05:04] merlin-logger.DEBUG: The child theme installation step has been displayed [] []
[2022-12-31 17:05:08] merlin-logger.DEBUG: The child theme style.css content was generated [] []
[2022-12-31 17:05:08] merlin-logger.DEBUG: The child theme functions.php content was generated [] []
[2022-12-31 17:05:08] merlin-logger.DEBUG: The child theme screenshot was copied to the child theme, with the following result {"copied":true} []
[2022-12-31 17:05:10] merlin-logger.DEBUG: The newly generated child theme was activated [] []
[2022-12-31 17:05:16] merlin-logger.DEBUG: The plugin installation step has been displayed [] []
[2022-12-31 17:05:20] merlin-logger.DEBUG: A plugin with the following data will be processed {"plugin_slug":"contact-form-7","message":"Installing"} []
[2022-12-31 17:05:29] merlin-logger.DEBUG: A plugin with the following data was processed {"plugin_slug":"contact-form-7"} []
[2022-12-31 17:05:30] merlin-logger.DEBUG: A plugin with the following data will be processed {"plugin_slug":"edd-featured-downloads","message":"Installing"} []
[2022-12-31 17:05:38] merlin-logger.DEBUG: A plugin with the following data was processed {"plugin_slug":"edd-featured-downloads"} []
[2022-12-31 17:05:39] merlin-logger.DEBUG: A plugin with the following data will be processed {"plugin_slug":"easy-digital-downloads","message":"Installing"} []
[2022-12-31 17:06:56] merlin-logger.DEBUG: A plugin with the following data was processed {"plugin_slug":"easy-digital-downloads"} []
[2022-12-31 17:06:57] merlin-logger.DEBUG: A plugin with the following data will be processed {"plugin_slug":"easy-social-share","message":"Installing"} []
[2022-12-31 17:07:25] merlin-logger.DEBUG: A plugin with the following data will be processed {"plugin_slug":"easy-social-share","message":"Installing"} []
[2022-12-31 17:07:27] merlin-logger.DEBUG: A plugin with the following data will be processed {"plugin_slug":"mayosis-core","message":"Installing"} []
[2022-12-31 17:07:48] merlin-logger.DEBUG: A plugin with the following data was processed {"plugin_slug":"mayosis-core"} []
[2022-12-31 17:07:50] merlin-logger.DEBUG: A plugin with the following data will be processed {"plugin_slug":"advanced-custom-fields-pro","message":"Installing"} []
[2022-12-31 17:08:18] merlin-logger.DEBUG: A plugin with the following data was processed {"plugin_slug":"advanced-custom-fields-pro"} []
[2022-12-31 17:08:20] merlin-logger.DEBUG: A plugin with the following data will be processed {"plugin_slug":"elementor","message":"Installing"} []
[2022-12-31 17:09:21] merlin-logger.DEBUG: A plugin with the following data was processed {"plugin_slug":"elementor"} []
[2022-12-31 17:09:23] merlin-logger.DEBUG: A plugin with the following data will be processed {"plugin_slug":"fontier","message":"Installing"} []
[2022-12-31 17:09:31] merlin-logger.DEBUG: A plugin with the following data will be processed {"plugin_slug":"fontier","message":"Installing"} []
[2022-12-31 17:09:32] merlin-logger.DEBUG: A plugin with the following data will be processed {"plugin_slug":"js_composer","message":"Installing"} []
[2022-12-31 17:10:27] merlin-logger.DEBUG: A plugin with the following data was processed {"plugin_slug":"js_composer"} []
[2022-12-31 17:10:35] merlin-logger.DEBUG: A plugin with the following data was processed {"plugin_slug":"js_composer"} []
[2022-12-31 17:10:40] merlin-logger.DEBUG: The content import step has been displayed [] []
[2022-12-31 17:11:13] merlin-logger.ERROR: An error occurred while fetching file from: <strong>https://demo-data.nyc3.digitaloceanspaces.com/Mayosis/graphicmarket/elementor.xml</strong>!<br>Reason: http_request_failed - cURL error 28: Operation timed out after 20000 milliseconds with 3888960 out of 10980737 bytes received. {"url":"https://demo-data.nyc3.digitaloceanspaces.com/Mayosis/graphicmarket/elementor.xml","filename":"content-2022-12-31__17-10-52.xml"} []
[2022-12-31 17:11:37] merlin-logger.ERROR: An error occurred while fetching file from: <strong>https://demo-data.nyc3.digitaloceanspaces.com/Mayosis/graphicmarket/elementor.xml</strong>!<br>Reason: http_request_failed - cURL error 28: Operation timed out after 20000 milliseconds with 4512256 out of 10980737 bytes received. {"url":"https://demo-data.nyc3.digitaloceanspaces.com/Mayosis/graphicmarket/elementor.xml","filename":"content-2022-12-31__17-10-52.xml"} []
